<?xml version="1.0" encoding="UTF-8"?>
<!-- Generated by org.testng.reporters.JUnitXMLReporter -->
<testsuite ignored="0" hostname="DESKTOP-VA196IG" failures="0" tests="5" name="Surefire test" time="5.416" errors="0" timestamp="2024-04-13T12:44:30 IST">
  <testcase classname="restapi.AppTest" name="postDataToAPI" time="3.998"/>
  <testcase classname="restapi.AppTest" name="getDataFromAPI" time="0.223"/>
  <testcase classname="restapi.AppTest" name="putDataToAPI" time="0.345"/>
  <testcase classname="restapi.AppTest" name="patchDataToAPI" time="0.204"/>
  <testcase classname="restapi.AppTest" name="deleteDataFromAPI" time="0.496"/>
</testsuite> <!-- Surefire test -->
