<?xml version="1.0" encoding="UTF-8"?>
<testng-results ignored="0" total="5" passed="5" failed="0" skipped="0">
  <reporter-output>
  </reporter-output>
  <suite started-at="2024-04-13T12:22:26 IST" name="Surefire suite" finished-at="2024-04-13T12:22:31 IST" duration-ms="4908">
    <groups>
    </groups>
    <test started-at="2024-04-13T12:22:26 IST" name="Surefire test" finished-at="2024-04-13T12:22:31 IST" duration-ms="4908">
      <class name="restapi.AppTest">
        <test-method signature="postDataToAPI()[pri:1, instance:restapi.AppTest@5f6722d3]" started-at="2024-04-13T12:22:26 IST" name="postDataToAPI" finished-at="2024-04-13T12:22:29 IST" duration-ms="3163" status="PASS">
          <reporter-output>
          </reporter-output>
        </test-method> <!-- postDataToAPI -->
        <test-method signature="getDataFromAPI()[pri:2, instance:restapi.AppTest@5f6722d3]" started-at="2024-04-13T12:22:29 IST" name="getDataFromAPI" finished-at="2024-04-13T12:22:30 IST" duration-ms="492" status="PASS">
          <reporter-output>
          </reporter-output>
        </test-method> <!-- getDataFromAPI -->
        <test-method signature="putDataToAPI()[pri:3, instance:restapi.AppTest@5f6722d3]" started-at="2024-04-13T12:22:30 IST" name="putDataToAPI" finished-at="2024-04-13T12:22:30 IST" duration-ms="357" status="PASS">
          <reporter-output>
          </reporter-output>
        </test-method> <!-- putDataToAPI -->
        <test-method signature="patchDataToAPI()[pri:4, instance:restapi.AppTest@5f6722d3]" started-at="2024-04-13T12:22:30 IST" name="patchDataToAPI" finished-at="2024-04-13T12:22:31 IST" duration-ms="587" status="PASS">
          <reporter-output>
          </reporter-output>
        </test-method> <!-- patchDataToAPI -->
        <test-method signature="deleteDataFromAPI()[pri:5, instance:restapi.AppTest@5f6722d3]" started-at="2024-04-13T12:22:31 IST" name="deleteDataFromAPI" finished-at="2024-04-13T12:22:31 IST" duration-ms="254" status="PASS">
          <reporter-output>
          </reporter-output>
        </test-method> <!-- deleteDataFromAPI -->
      </class> <!-- restapi.AppTest -->
    </test> <!-- Surefire test -->
  </suite> <!-- Surefire suite -->
</testng-results>
