<?xml version="1.0" encoding="UTF-8"?>
<testsuite xmlns:xsi="http://www.w3.org/2001/XMLSchema-instance" xsi:noNamespaceSchemaLocation="https://maven.apache.org/surefire/maven-surefire-plugin/xsd/surefire-test-report-3.0.xsd" version="3.0" name="restapi.AppTest" time="7.008" tests="5" errors="0" skipped="0" failures="0">
  <properties>
[...]
</properties>
  <testcase name="postDataToAPI" classname="restapi.AppTest" time="4.058">
    <system-out><![CDATA[Bearer f87b01a57825151c65eb1d2fb77612ee8ceffe7c3622654a4435216e980080c4
io.restassured.internal.RestAssuredResponseImpl@721d5b74
Status Code: 201
6850397
]]></system-out>
    <system-err><![CDATA[SLF4J: Failed to load class "org.slf4j.impl.StaticLoggerBinder".
SLF4J: Defaulting to no-operation (NOP) logger implementation
SLF4J: See http://www.slf4j.org/codes.html#StaticLoggerBinder for further details.
ERROR StatusLogger Log4j2 could not find a logging implementation. Please add log4j-core to the classpath. Using SimpleLogger to log to the console...
]]></system-err>
  </testcase>
  <testcase name="getDataFromAPI" classname="restapi.AppTest" time="0.227">
    <system-out><![CDATA[200
io.restassured.internal.RestAssuredResponseImpl@65859b44
200
]]></system-out>
  </testcase>
  <testcase name="putDataToAPI" classname="restapi.AppTest" time="0.344">
    <system-out><![CDATA[Id: 6850397
Status Code: 200
]]></system-out>
  </testcase>
  <testcase name="patchDataToAPI" classname="restapi.AppTest" time="0.204">
    <system-out><![CDATA[sample@gmail.com
]]></system-out>
  </testcase>
  <testcase name="deleteDataFromAPI" classname="restapi.AppTest" time="0.496">
    <system-out><![CDATA[204
]]></system-out>
  </testcase>
</testsuite>