<?xml version="1.0" encoding="UTF-8"?>
<testng-results ignored="0" total="5" passed="5" failed="0" skipped="0">
  <reporter-output>
  </reporter-output>
  <suite started-at="2024-04-13T12:44:25 IST" name="Surefire suite" finished-at="2024-04-13T12:44:30 IST" duration-ms="5416">
    <groups>
    </groups>
    <test started-at="2024-04-13T12:44:25 IST" name="Surefire test" finished-at="2024-04-13T12:44:30 IST" duration-ms="5416">
      <class name="restapi.AppTest">
        <test-method signature="postDataToAPI()[pri:1, instance:restapi.AppTest@60d8c0dc]" started-at="2024-04-13T12:44:25 IST" name="postDataToAPI" finished-at="2024-04-13T12:44:29 IST" duration-ms="3998" status="PASS">
          <reporter-output>
          </reporter-output>
        </test-method> <!-- postDataToAPI -->
        <test-method signature="getDataFromAPI()[pri:2, instance:restapi.AppTest@60d8c0dc]" started-at="2024-04-13T12:44:29 IST" name="getDataFromAPI" finished-at="2024-04-13T12:44:29 IST" duration-ms="223" status="PASS">
          <reporter-output>
          </reporter-output>
        </test-method> <!-- getDataFromAPI -->
        <test-method signature="putDataToAPI()[pri:3, instance:restapi.AppTest@60d8c0dc]" started-at="2024-04-13T12:44:29 IST" name="putDataToAPI" finished-at="2024-04-13T12:44:29 IST" duration-ms="345" status="PASS">
          <reporter-output>
          </reporter-output>
        </test-method> <!-- putDataToAPI -->
        <test-method signature="patchDataToAPI()[pri:4, instance:restapi.AppTest@60d8c0dc]" started-at="2024-04-13T12:44:29 IST" name="patchDataToAPI" finished-at="2024-04-13T12:44:30 IST" duration-ms="204" status="PASS">
          <reporter-output>
          </reporter-output>
        </test-method> <!-- patchDataToAPI -->
        <test-method signature="deleteDataFromAPI()[pri:5, instance:restapi.AppTest@60d8c0dc]" started-at="2024-04-13T12:44:30 IST" name="deleteDataFromAPI" finished-at="2024-04-13T12:44:30 IST" duration-ms="496" status="PASS">
          <reporter-output>
          </reporter-output>
        </test-method> <!-- deleteDataFromAPI -->
      </class> <!-- restapi.AppTest -->
    </test> <!-- Surefire test -->
  </suite> <!-- Surefire suite -->
</testng-results>
